[(Case
    { sum = (Value (VVar { name = "data" }));
      branches =
      [{ matchp =
         (PCon
            { pconstructor = { name = "cons" };
              pattern =
              (Some (PPair
                       { p1 = (PVar { name = "x" });
                         p2 = (PVar { name = "y" }) }))
              });
         exp =
         (Infix
            { op = Times; e1 = (Value (Lit (Num 10.)));
              e2 =
              (EParen
                 (Infix
                    { op = Plus; e1 = (Value (VVar { name = "x" }));
                      e2 = (Value (VVar { name = "y" })) }))
              })
         };
        { matchp =
          (PCon
             { pconstructor = { name = "single" };
               pattern = (Some (PVar { name = "x" })) });
          exp =
          (Infix
             { op = Times; e1 = (Value (Lit (Num 10.)));
               e2 = (Value (VVar { name = "x" })) })
          };
        { matchp = (PCon { pconstructor = { name = "nil" }; pattern = None });
          exp = (Value (Lit (Num 1.))) }
        ]
      })
  ]
case data of
  cons (x, y) => 10 * (x + y)
| single (x) => 10 * x
| nil => 1
