[(If
    { guard = (Value (Lit (Bool true)));
      then_branch = (Value (VVar { name = "a" }));
      else_branch = (Value (VVar { name = "b" })) });
  (If
     { guard =
       (Infix
          { op = Less; e1 = (Value (VVar { name = "a" }));
            e2 = (Value (VVar { name = "b" })) });
       then_branch =
       (If
          { guard =
            (Infix
               { op = Less; e1 = (Value (VVar { name = "a" }));
                 e2 = (Value (VVar { name = "c" })) });
            then_branch = (Value (VVar { name = "a" }));
            else_branch = (Value (VVar { name = "c" })) });
       else_branch = (Value (VVar { name = "b" })) });
  (If
     { guard =
       (Infix
          { op = Less; e1 = (Value (VVar { name = "a" }));
            e2 = (Value (VVar { name = "b" })) });
       then_branch = (Value (VVar { name = "a" }));
       else_branch =
       (If
          { guard =
            (Infix
               { op = Less; e1 = (Value (VVar { name = "b" }));
                 e2 = (Value (VVar { name = "c" })) });
            then_branch = (Value (VVar { name = "b" }));
            else_branch = (Value (VVar { name = "c" })) })
       });
  (If
     { guard =
       (Infix
          { op = Less; e1 = (Value (VVar { name = "a" }));
            e2 = (Value (VVar { name = "b" })) });
       then_branch =
       (If
          { guard =
            (Infix
               { op = Less; e1 = (Value (VVar { name = "a" }));
                 e2 = (Value (VVar { name = "c" })) });
            then_branch = (Value (VVar { name = "a" }));
            else_branch = (Value (VVar { name = "c" })) });
       else_branch =
       (If
          { guard =
            (Infix
               { op = Less; e1 = (Value (VVar { name = "b" }));
                 e2 = (Value (VVar { name = "c" })) });
            then_branch = (Value (VVar { name = "b" }));
            else_branch = (Value (VVar { name = "c" })) })
       })
  ]
if true
then a
else b
if a < b
then if a < c
  then a
  else c
else b
if a < b
then a
else if b < c
  then b
  else c
if a < b
then if a < c
  then a
  else c
else if b < c
  then b
  else c
