[(If
    { guard = (Value (Lit (Bool true))); then_branch = (EVar { name = "a" });
      else_branch = (EVar { name = "b" }) });
  (If
     { guard =
       (Infix
          { op = Less; e1 = (EVar { name = "a" }); e2 = (EVar { name = "b" })
            });
       then_branch =
       (If
          { guard =
            (Infix
               { op = Less; e1 = (EVar { name = "a" });
                 e2 = (EVar { name = "c" }) });
            then_branch = (EVar { name = "a" });
            else_branch = (EVar { name = "c" }) });
       else_branch = (EVar { name = "b" }) });
  (If
     { guard =
       (Infix
          { op = Less; e1 = (EVar { name = "a" }); e2 = (EVar { name = "b" })
            });
       then_branch = (EVar { name = "a" });
       else_branch =
       (If
          { guard =
            (Infix
               { op = Less; e1 = (EVar { name = "b" });
                 e2 = (EVar { name = "c" }) });
            then_branch = (EVar { name = "b" });
            else_branch = (EVar { name = "c" }) })
       });
  (If
     { guard =
       (Infix
          { op = Less; e1 = (EVar { name = "a" }); e2 = (EVar { name = "b" })
            });
       then_branch =
       (If
          { guard =
            (Infix
               { op = Less; e1 = (EVar { name = "a" });
                 e2 = (EVar { name = "c" }) });
            then_branch = (EVar { name = "a" });
            else_branch = (EVar { name = "c" }) });
       else_branch =
       (If
          { guard =
            (Infix
               { op = Less; e1 = (EVar { name = "b" });
                 e2 = (EVar { name = "c" }) });
            then_branch = (EVar { name = "b" });
            else_branch = (EVar { name = "c" }) })
       })
  ]
